{"/root/projects/vue3-drag-zoom/packages/directives/index.ts": {"path":"/root/projects/vue3-drag-zoom/packages/directives/index.ts","all":false,"statementMap":{"0":{"start":{"line":1,"column":0},"end":{"line":1,"column":54}},"1":{"start":{"line":2,"column":0},"end":{"line":2,"column":47}},"2":{"start":{"line":3,"column":0},"end":{"line":3,"column":46}},"3":{"start":{"line":4,"column":0},"end":{"line":4,"column":50}},"4":{"start":{"line":5,"column":0},"end":{"line":5,"column":0}},"5":{"start":{"line":6,"column":0},"end":{"line":6,"column":21}},"6":{"start":{"line":7,"column":0},"end":{"line":7,"column":86}},"7":{"start":{"line":8,"column":0},"end":{"line":8,"column":1}},"8":{"start":{"line":9,"column":0},"end":{"line":9,"column":0}},"9":{"start":{"line":10,"column":0},"end":{"line":10,"column":70}},"10":{"start":{"line":11,"column":0},"end":{"line":11,"column":10}},"11":{"start":{"line":12,"column":0},"end":{"line":12,"column":26}},"12":{"start":{"line":13,"column":0},"end":{"line":13,"column":74}},"13":{"start":{"line":14,"column":0},"end":{"line":14,"column":52}},"14":{"start":{"line":15,"column":0},"end":{"line":15,"column":50}},"15":{"start":{"line":16,"column":0},"end":{"line":16,"column":53}},"16":{"start":{"line":17,"column":0},"end":{"line":17,"column":10}},"17":{"start":{"line":18,"column":0},"end":{"line":18,"column":46}},"18":{"start":{"line":19,"column":0},"end":{"line":19,"column":53}},"19":{"start":{"line":20,"column":0},"end":{"line":20,"column":9}},"20":{"start":{"line":21,"column":0},"end":{"line":21,"column":8}},"21":{"start":{"line":22,"column":0},"end":{"line":22,"column":42}},"22":{"start":{"line":23,"column":0},"end":{"line":23,"column":44}},"23":{"start":{"line":24,"column":0},"end":{"line":24,"column":8}},"24":{"start":{"line":25,"column":0},"end":{"line":25,"column":6}},"25":{"start":{"line":26,"column":0},"end":{"line":26,"column":23}},"26":{"start":{"line":27,"column":0},"end":{"line":27,"column":22}},"27":{"start":{"line":28,"column":0},"end":{"line":28,"column":5}},"28":{"start":{"line":29,"column":0},"end":{"line":29,"column":3}},"29":{"start":{"line":30,"column":0},"end":{"line":30,"column":1}},"30":{"start":{"line":31,"column":0},"end":{"line":31,"column":0}},"31":{"start":{"line":32,"column":0},"end":{"line":32,"column":43}},"32":{"start":{"line":33,"column":0},"end":{"line":33,"column":51}}},"s":{"0":1,"1":1,"2":1,"3":1,"4":1,"5":1,"6":1,"7":1,"8":1,"9":2,"10":2,"11":2,"12":0,"13":0,"14":0,"15":0,"16":0,"17":0,"18":0,"19":0,"20":0,"21":0,"22":0,"23":0,"24":0,"25":2,"26":0,"27":0,"28":2,"29":2,"30":1,"31":1,"32":1},"branchMap":{"0":{"type":"branch","line":10,"loc":{"start":{"line":10,"column":0},"end":{"line":30,"column":1}},"locations":[{"start":{"line":10,"column":0},"end":{"line":30,"column":1}}]}},"b":{"0":[2]},"fnMap":{"0":{"name":"makeDirective","decl":{"start":{"line":10,"column":0},"end":{"line":30,"column":1}},"loc":{"start":{"line":10,"column":0},"end":{"line":30,"column":1}},"line":10},"1":{"name":"mounted","decl":{"start":{"line":12,"column":4},"end":{"line":25,"column":6}},"loc":{"start":{"line":12,"column":4},"end":{"line":25,"column":6}},"line":12},"2":{"name":"beforeUnmount","decl":{"start":{"line":26,"column":4},"end":{"line":28,"column":5}},"loc":{"start":{"line":26,"column":4},"end":{"line":28,"column":5}},"line":26}},"f":{"0":2,"1":0,"2":0}}
,"/root/projects/vue3-drag-zoom/packages/hooks/index.ts": {"path":"/root/projects/vue3-drag-zoom/packages/hooks/index.ts","all":false,"statementMap":{"0":{"start":{"line":1,"column":0},"end":{"line":1,"column":51}},"1":{"start":{"line":2,"column":0},"end":{"line":2,"column":64}},"2":{"start":{"line":3,"column":0},"end":{"line":3,"column":0}},"3":{"start":{"line":4,"column":0},"end":{"line":4,"column":31}},"4":{"start":{"line":5,"column":0},"end":{"line":5,"column":48}}},"s":{"0":1,"1":1,"2":1,"3":1,"4":1},"branchMap":{},"b":{},"fnMap":{},"f":{}}
,"/root/projects/vue3-drag-zoom/packages/hooks/use-drag-zoom.ts": {"path":"/root/projects/vue3-drag-zoom/packages/hooks/use-drag-zoom.ts","all":false,"statementMap":{"0":{"start":{"line":1,"column":0},"end":{"line":1,"column":78}},"1":{"start":{"line":2,"column":0},"end":{"line":2,"column":71}},"2":{"start":{"line":3,"column":0},"end":{"line":3,"column":53}},"3":{"start":{"line":4,"column":0},"end":{"line":4,"column":51}},"4":{"start":{"line":5,"column":0},"end":{"line":5,"column":0}},"5":{"start":{"line":6,"column":0},"end":{"line":6,"column":58}},"6":{"start":{"line":7,"column":0},"end":{"line":7,"column":19}},"7":{"start":{"line":8,"column":0},"end":{"line":8,"column":73}},"8":{"start":{"line":9,"column":0},"end":{"line":9,"column":1}},"9":{"start":{"line":10,"column":0},"end":{"line":10,"column":0}},"10":{"start":{"line":11,"column":0},"end":{"line":11,"column":28}},"11":{"start":{"line":12,"column":0},"end":{"line":12,"column":40}},"12":{"start":{"line":13,"column":0},"end":{"line":13,"column":46}},"13":{"start":{"line":14,"column":0},"end":{"line":14,"column":32}},"14":{"start":{"line":15,"column":0},"end":{"line":15,"column":3}},"15":{"start":{"line":16,"column":0},"end":{"line":16,"column":96}},"16":{"start":{"line":17,"column":0},"end":{"line":17,"column":60}},"17":{"start":{"line":18,"column":0},"end":{"line":18,"column":0}},"18":{"start":{"line":19,"column":0},"end":{"line":19,"column":24}},"19":{"start":{"line":20,"column":0},"end":{"line":20,"column":30}},"20":{"start":{"line":21,"column":0},"end":{"line":21,"column":22}},"21":{"start":{"line":22,"column":0},"end":{"line":22,"column":0}},"22":{"start":{"line":23,"column":0},"end":{"line":23,"column":42}},"23":{"start":{"line":24,"column":0},"end":{"line":24,"column":47}},"24":{"start":{"line":25,"column":0},"end":{"line":25,"column":55}},"25":{"start":{"line":26,"column":0},"end":{"line":26,"column":70}},"26":{"start":{"line":27,"column":0},"end":{"line":27,"column":35}},"27":{"start":{"line":28,"column":0},"end":{"line":28,"column":0}},"28":{"start":{"line":29,"column":0},"end":{"line":29,"column":52}},"29":{"start":{"line":30,"column":0},"end":{"line":30,"column":31}},"30":{"start":{"line":31,"column":0},"end":{"line":31,"column":20}},"31":{"start":{"line":32,"column":0},"end":{"line":32,"column":61}},"32":{"start":{"line":33,"column":0},"end":{"line":33,"column":42}},"33":{"start":{"line":34,"column":0},"end":{"line":34,"column":41}},"34":{"start":{"line":35,"column":0},"end":{"line":35,"column":28}},"35":{"start":{"line":36,"column":0},"end":{"line":36,"column":61}},"36":{"start":{"line":37,"column":0},"end":{"line":37,"column":32}},"37":{"start":{"line":38,"column":0},"end":{"line":38,"column":32}},"38":{"start":{"line":39,"column":0},"end":{"line":39,"column":7}},"39":{"start":{"line":40,"column":0},"end":{"line":40,"column":43}},"40":{"start":{"line":41,"column":0},"end":{"line":41,"column":43}},"41":{"start":{"line":42,"column":0},"end":{"line":42,"column":25}},"42":{"start":{"line":43,"column":0},"end":{"line":43,"column":5}},"43":{"start":{"line":44,"column":0},"end":{"line":44,"column":0}},"44":{"start":{"line":45,"column":0},"end":{"line":45,"column":65}},"45":{"start":{"line":46,"column":0},"end":{"line":46,"column":0}},"46":{"start":{"line":47,"column":0},"end":{"line":47,"column":27}},"47":{"start":{"line":48,"column":0},"end":{"line":48,"column":26}},"48":{"start":{"line":49,"column":0},"end":{"line":49,"column":3}},"49":{"start":{"line":50,"column":0},"end":{"line":50,"column":0}},"50":{"start":{"line":51,"column":0},"end":{"line":51,"column":48}},"51":{"start":{"line":52,"column":0},"end":{"line":52,"column":52}},"52":{"start":{"line":53,"column":0},"end":{"line":53,"column":54}},"53":{"start":{"line":54,"column":0},"end":{"line":54,"column":54}},"54":{"start":{"line":55,"column":0},"end":{"line":55,"column":39}},"55":{"start":{"line":56,"column":0},"end":{"line":56,"column":3}},"56":{"start":{"line":57,"column":0},"end":{"line":57,"column":0}},"57":{"start":{"line":58,"column":0},"end":{"line":58,"column":48}},"58":{"start":{"line":59,"column":0},"end":{"line":59,"column":52}},"59":{"start":{"line":60,"column":0},"end":{"line":60,"column":12}},"60":{"start":{"line":61,"column":0},"end":{"line":61,"column":55}},"61":{"start":{"line":62,"column":0},"end":{"line":62,"column":54}},"62":{"start":{"line":63,"column":0},"end":{"line":63,"column":5}},"63":{"start":{"line":64,"column":0},"end":{"line":64,"column":3}},"64":{"start":{"line":65,"column":0},"end":{"line":65,"column":0}},"65":{"start":{"line":66,"column":0},"end":{"line":66,"column":47}},"66":{"start":{"line":67,"column":0},"end":{"line":67,"column":37}},"67":{"start":{"line":68,"column":0},"end":{"line":68,"column":30}},"68":{"start":{"line":69,"column":0},"end":{"line":69,"column":60}},"69":{"start":{"line":70,"column":0},"end":{"line":70,"column":48}},"70":{"start":{"line":71,"column":0},"end":{"line":71,"column":28}},"71":{"start":{"line":72,"column":0},"end":{"line":72,"column":29}},"72":{"start":{"line":73,"column":0},"end":{"line":73,"column":5}},"73":{"start":{"line":74,"column":0},"end":{"line":74,"column":3}},"74":{"start":{"line":75,"column":0},"end":{"line":75,"column":0}},"75":{"start":{"line":76,"column":0},"end":{"line":76,"column":46}},"76":{"start":{"line":77,"column":0},"end":{"line":77,"column":65}},"77":{"start":{"line":78,"column":0},"end":{"line":78,"column":26}},"78":{"start":{"line":79,"column":0},"end":{"line":79,"column":61}},"79":{"start":{"line":80,"column":0},"end":{"line":80,"column":63}},"80":{"start":{"line":81,"column":0},"end":{"line":81,"column":49}},"81":{"start":{"line":82,"column":0},"end":{"line":82,"column":0}},"82":{"start":{"line":83,"column":0},"end":{"line":83,"column":46}},"83":{"start":{"line":84,"column":0},"end":{"line":84,"column":54}},"84":{"start":{"line":85,"column":0},"end":{"line":85,"column":41}},"85":{"start":{"line":86,"column":0},"end":{"line":86,"column":0}},"86":{"start":{"line":87,"column":0},"end":{"line":87,"column":33}},"87":{"start":{"line":88,"column":0},"end":{"line":88,"column":22}},"88":{"start":{"line":89,"column":0},"end":{"line":89,"column":63}},"89":{"start":{"line":90,"column":0},"end":{"line":90,"column":56}},"90":{"start":{"line":91,"column":0},"end":{"line":91,"column":41}},"91":{"start":{"line":92,"column":0},"end":{"line":92,"column":40}},"92":{"start":{"line":93,"column":0},"end":{"line":93,"column":0}},"93":{"start":{"line":94,"column":0},"end":{"line":94,"column":30}},"94":{"start":{"line":95,"column":0},"end":{"line":95,"column":63}},"95":{"start":{"line":96,"column":0},"end":{"line":96,"column":34}},"96":{"start":{"line":97,"column":0},"end":{"line":97,"column":34}},"97":{"start":{"line":98,"column":0},"end":{"line":98,"column":9}},"98":{"start":{"line":99,"column":0},"end":{"line":99,"column":0}},"99":{"start":{"line":100,"column":0},"end":{"line":100,"column":45}},"100":{"start":{"line":101,"column":0},"end":{"line":101,"column":45}},"101":{"start":{"line":102,"column":0},"end":{"line":102,"column":24}},"102":{"start":{"line":103,"column":0},"end":{"line":103,"column":0}},"103":{"start":{"line":104,"column":0},"end":{"line":104,"column":73}},"104":{"start":{"line":105,"column":0},"end":{"line":105,"column":61}},"105":{"start":{"line":106,"column":0},"end":{"line":106,"column":46}},"106":{"start":{"line":107,"column":0},"end":{"line":107,"column":24}},"107":{"start":{"line":108,"column":0},"end":{"line":108,"column":26}},"108":{"start":{"line":109,"column":0},"end":{"line":109,"column":10}},"109":{"start":{"line":110,"column":0},"end":{"line":110,"column":0}},"110":{"start":{"line":111,"column":0},"end":{"line":111,"column":83}},"111":{"start":{"line":112,"column":0},"end":{"line":112,"column":7}},"112":{"start":{"line":113,"column":0},"end":{"line":113,"column":0}},"113":{"start":{"line":114,"column":0},"end":{"line":114,"column":28}},"114":{"start":{"line":115,"column":0},"end":{"line":115,"column":29}},"115":{"start":{"line":116,"column":0},"end":{"line":116,"column":5}},"116":{"start":{"line":117,"column":0},"end":{"line":117,"column":3}},"117":{"start":{"line":118,"column":0},"end":{"line":118,"column":0}},"118":{"start":{"line":119,"column":0},"end":{"line":119,"column":45}},"119":{"start":{"line":120,"column":0},"end":{"line":120,"column":35}},"120":{"start":{"line":121,"column":0},"end":{"line":121,"column":28}},"121":{"start":{"line":122,"column":0},"end":{"line":122,"column":30}},"122":{"start":{"line":123,"column":0},"end":{"line":123,"column":22}},"123":{"start":{"line":124,"column":0},"end":{"line":124,"column":5}},"124":{"start":{"line":125,"column":0},"end":{"line":125,"column":3}},"125":{"start":{"line":126,"column":0},"end":{"line":126,"column":0}},"126":{"start":{"line":127,"column":0},"end":{"line":127,"column":13}},"127":{"start":{"line":128,"column":0},"end":{"line":128,"column":27}},"128":{"start":{"line":129,"column":0},"end":{"line":129,"column":19}},"129":{"start":{"line":130,"column":0},"end":{"line":130,"column":29}},"130":{"start":{"line":131,"column":0},"end":{"line":131,"column":27}},"131":{"start":{"line":132,"column":0},"end":{"line":132,"column":24}},"132":{"start":{"line":133,"column":0},"end":{"line":133,"column":3}},"133":{"start":{"line":134,"column":0},"end":{"line":134,"column":0}},"134":{"start":{"line":135,"column":0},"end":{"line":135,"column":29}},"135":{"start":{"line":136,"column":0},"end":{"line":136,"column":21}},"136":{"start":{"line":137,"column":0},"end":{"line":137,"column":45}},"137":{"start":{"line":138,"column":0},"end":{"line":138,"column":28}},"138":{"start":{"line":139,"column":0},"end":{"line":139,"column":70}},"139":{"start":{"line":140,"column":0},"end":{"line":140,"column":80}},"140":{"start":{"line":141,"column":0},"end":{"line":141,"column":78}},"141":{"start":{"line":142,"column":0},"end":{"line":142,"column":56}},"142":{"start":{"line":143,"column":0},"end":{"line":143,"column":33}},"143":{"start":{"line":144,"column":0},"end":{"line":144,"column":22}},"144":{"start":{"line":145,"column":0},"end":{"line":145,"column":45}},"145":{"start":{"line":146,"column":0},"end":{"line":146,"column":47}},"146":{"start":{"line":147,"column":0},"end":{"line":147,"column":7}},"147":{"start":{"line":148,"column":0},"end":{"line":148,"column":6}},"148":{"start":{"line":149,"column":0},"end":{"line":149,"column":27}},"149":{"start":{"line":150,"column":0},"end":{"line":150,"column":45}},"150":{"start":{"line":151,"column":0},"end":{"line":151,"column":22}},"151":{"start":{"line":152,"column":0},"end":{"line":152,"column":55}},"152":{"start":{"line":153,"column":0},"end":{"line":153,"column":65}},"153":{"start":{"line":154,"column":0},"end":{"line":154,"column":63}},"154":{"start":{"line":155,"column":0},"end":{"line":155,"column":61}},"155":{"start":{"line":156,"column":0},"end":{"line":156,"column":7}},"156":{"start":{"line":157,"column":0},"end":{"line":157,"column":6}},"157":{"start":{"line":158,"column":0},"end":{"line":158,"column":10}},"158":{"start":{"line":159,"column":0},"end":{"line":159,"column":43}},"159":{"start":{"line":160,"column":0},"end":{"line":160,"column":26}},"160":{"start":{"line":161,"column":0},"end":{"line":161,"column":68}},"161":{"start":{"line":162,"column":0},"end":{"line":162,"column":78}},"162":{"start":{"line":163,"column":0},"end":{"line":163,"column":76}},"163":{"start":{"line":164,"column":0},"end":{"line":164,"column":54}},"164":{"start":{"line":165,"column":0},"end":{"line":165,"column":31}},"165":{"start":{"line":166,"column":0},"end":{"line":166,"column":20}},"166":{"start":{"line":167,"column":0},"end":{"line":167,"column":43}},"167":{"start":{"line":168,"column":0},"end":{"line":168,"column":45}},"168":{"start":{"line":169,"column":0},"end":{"line":169,"column":5}},"169":{"start":{"line":170,"column":0},"end":{"line":170,"column":3}},"170":{"start":{"line":171,"column":0},"end":{"line":171,"column":0}},"171":{"start":{"line":172,"column":0},"end":{"line":172,"column":10}},"172":{"start":{"line":173,"column":0},"end":{"line":173,"column":17}},"173":{"start":{"line":174,"column":0},"end":{"line":174,"column":3}},"174":{"start":{"line":175,"column":0},"end":{"line":175,"column":1}}},"s":{"0":1,"1":1,"2":1,"3":1,"4":1,"5":1,"6":1,"7":1,"8":1,"9":1,"10":1,"11":10,"12":10,"13":10,"14":10,"15":10,"16":10,"17":10,"18":10,"19":10,"20":10,"21":10,"22":10,"23":4,"24":4,"25":4,"26":4,"27":4,"28":4,"29":4,"30":4,"31":4,"32":4,"33":4,"34":4,"35":0,"36":0,"37":0,"38":0,"39":4,"40":4,"41":4,"42":4,"43":4,"44":4,"45":3,"46":3,"47":3,"48":4,"49":10,"50":10,"51":10,"52":2,"53":2,"54":2,"55":2,"56":10,"57":10,"58":10,"59":0,"60":0,"61":0,"62":0,"63":0,"64":10,"65":10,"66":2,"67":2,"68":2,"69":2,"70":2,"71":2,"72":2,"73":2,"74":10,"75":10,"76":0,"77":0,"78":0,"79":0,"80":0,"81":0,"82":0,"83":0,"84":0,"85":0,"86":0,"87":0,"88":0,"89":0,"90":0,"91":0,"92":0,"93":0,"94":0,"95":0,"96":0,"97":0,"98":0,"99":0,"100":0,"101":0,"102":0,"103":0,"104":0,"105":0,"106":0,"107":0,"108":0,"109":0,"110":0,"111":0,"112":0,"113":0,"114":0,"115":0,"116":0,"117":10,"118":10,"119":0,"120":0,"121":0,"122":0,"123":0,"124":0,"125":10,"126":10,"127":10,"128":10,"129":10,"130":10,"131":10,"132":10,"133":10,"134":10,"135":10,"136":10,"137":10,"138":9,"139":9,"140":9,"141":9,"142":9,"143":9,"144":9,"145":9,"146":9,"147":10,"148":10,"149":10,"150":10,"151":9,"152":9,"153":9,"154":9,"155":9,"156":10,"157":10,"158":0,"159":0,"160":0,"161":0,"162":0,"163":0,"164":0,"165":0,"166":0,"167":0,"168":0,"169":0,"170":10,"171":10,"172":10,"173":10,"174":10},"branchMap":{"0":{"type":"branch","line":11,"loc":{"start":{"line":11,"column":7},"end":{"line":175,"column":1}},"locations":[{"start":{"line":11,"column":7},"end":{"line":175,"column":1}}]},"1":{"type":"branch","line":17,"loc":{"start":{"line":17,"column":32},"end":{"line":17,"column":59}},"locations":[{"start":{"line":17,"column":32},"end":{"line":17,"column":59}}]},"2":{"type":"branch","line":158,"loc":{"start":{"line":158,"column":2},"end":{"line":170,"column":3}},"locations":[{"start":{"line":158,"column":2},"end":{"line":170,"column":3}}]},"3":{"type":"branch","line":23,"loc":{"start":{"line":23,"column":18},"end":{"line":49,"column":3}},"locations":[{"start":{"line":23,"column":18},"end":{"line":49,"column":3}}]},"4":{"type":"branch","line":35,"loc":{"start":{"line":35,"column":27},"end":{"line":39,"column":7}},"locations":[{"start":{"line":35,"column":27},"end":{"line":39,"column":7}}]},"5":{"type":"branch","line":45,"loc":{"start":{"line":45,"column":15},"end":{"line":45,"column":52}},"locations":[{"start":{"line":45,"column":15},"end":{"line":45,"column":52}}]},"6":{"type":"branch","line":45,"loc":{"start":{"line":45,"column":59},"end":{"line":45,"column":65}},"locations":[{"start":{"line":45,"column":59},"end":{"line":45,"column":65}}]},"7":{"type":"branch","line":45,"loc":{"start":{"line":45,"column":59},"end":{"line":48,"column":26}},"locations":[{"start":{"line":45,"column":59},"end":{"line":48,"column":26}}]},"8":{"type":"branch","line":52,"loc":{"start":{"line":52,"column":27},"end":{"line":56,"column":3}},"locations":[{"start":{"line":52,"column":27},"end":{"line":56,"column":3}}]},"9":{"type":"branch","line":66,"loc":{"start":{"line":66,"column":23},"end":{"line":74,"column":3}},"locations":[{"start":{"line":66,"column":23},"end":{"line":74,"column":3}}]},"10":{"type":"branch","line":136,"loc":{"start":{"line":136,"column":14},"end":{"line":148,"column":5}},"locations":[{"start":{"line":136,"column":14},"end":{"line":148,"column":5}}]},"11":{"type":"branch","line":138,"loc":{"start":{"line":138,"column":22},"end":{"line":138,"column":28}},"locations":[{"start":{"line":138,"column":22},"end":{"line":138,"column":28}}]},"12":{"type":"branch","line":138,"loc":{"start":{"line":138,"column":22},"end":{"line":147,"column":7}},"locations":[{"start":{"line":138,"column":22},"end":{"line":147,"column":7}}]},"13":{"type":"branch","line":149,"loc":{"start":{"line":149,"column":20},"end":{"line":157,"column":5}},"locations":[{"start":{"line":149,"column":20},"end":{"line":157,"column":5}}]},"14":{"type":"branch","line":151,"loc":{"start":{"line":151,"column":21},"end":{"line":156,"column":7}},"locations":[{"start":{"line":151,"column":21},"end":{"line":156,"column":7}}]}},"b":{"0":[10],"1":[9],"2":[0],"3":[4],"4":[0],"5":[3],"6":[1],"7":[3],"8":[2],"9":[2],"10":[10],"11":[1],"12":[9],"13":[10],"14":[9]},"fnMap":{"0":{"name":"useDragZoom","decl":{"start":{"line":11,"column":7},"end":{"line":175,"column":1}},"loc":{"start":{"line":11,"column":7},"end":{"line":175,"column":1}},"line":11},"1":{"name":"onWheel","decl":{"start":{"line":23,"column":18},"end":{"line":49,"column":3}},"loc":{"start":{"line":23,"column":18},"end":{"line":49,"column":3}},"line":23},"2":{"name":"getTouchDistance","decl":{"start":{"line":52,"column":27},"end":{"line":56,"column":3}},"loc":{"start":{"line":52,"column":27},"end":{"line":56,"column":3}},"line":52},"3":{"name":"getTouchMidpoint","decl":{"start":{"line":59,"column":27},"end":{"line":64,"column":3}},"loc":{"start":{"line":59,"column":27},"end":{"line":64,"column":3}},"line":59},"4":{"name":"onTouchstart","decl":{"start":{"line":66,"column":23},"end":{"line":74,"column":3}},"loc":{"start":{"line":66,"column":23},"end":{"line":74,"column":3}},"line":66},"5":{"name":"onTouchmove","decl":{"start":{"line":76,"column":22},"end":{"line":117,"column":3}},"loc":{"start":{"line":76,"column":22},"end":{"line":117,"column":3}},"line":76},"6":{"name":"onTouchend","decl":{"start":{"line":119,"column":21},"end":{"line":125,"column":3}},"loc":{"start":{"line":119,"column":21},"end":{"line":125,"column":3}},"line":119}},"f":{"0":10,"1":4,"2":2,"3":0,"4":2,"5":0,"6":0}}
,"/root/projects/vue3-drag-zoom/packages/hooks/use-drag.ts": {"path":"/root/projects/vue3-drag-zoom/packages/hooks/use-drag.ts","all":false,"statementMap":{"0":{"start":{"line":1,"column":0},"end":{"line":1,"column":91}},"1":{"start":{"line":2,"column":0},"end":{"line":2,"column":64}},"2":{"start":{"line":3,"column":0},"end":{"line":3,"column":32}},"3":{"start":{"line":4,"column":0},"end":{"line":4,"column":55}},"4":{"start":{"line":5,"column":0},"end":{"line":5,"column":0}},"5":{"start":{"line":6,"column":0},"end":{"line":6,"column":32}},"6":{"start":{"line":7,"column":0},"end":{"line":7,"column":52}},"7":{"start":{"line":8,"column":0},"end":{"line":8,"column":29}},"8":{"start":{"line":9,"column":0},"end":{"line":9,"column":24}},"9":{"start":{"line":10,"column":0},"end":{"line":10,"column":26}},"10":{"start":{"line":11,"column":0},"end":{"line":11,"column":27}},"11":{"start":{"line":12,"column":0},"end":{"line":12,"column":14}},"12":{"start":{"line":13,"column":0},"end":{"line":13,"column":17}},"13":{"start":{"line":14,"column":0},"end":{"line":14,"column":17}},"14":{"start":{"line":15,"column":0},"end":{"line":15,"column":17}},"15":{"start":{"line":16,"column":0},"end":{"line":16,"column":17}},"16":{"start":{"line":17,"column":0},"end":{"line":17,"column":3}},"17":{"start":{"line":18,"column":0},"end":{"line":18,"column":66}},"18":{"start":{"line":19,"column":0},"end":{"line":19,"column":82}},"19":{"start":{"line":20,"column":0},"end":{"line":20,"column":56}},"20":{"start":{"line":21,"column":0},"end":{"line":21,"column":1}},"21":{"start":{"line":22,"column":0},"end":{"line":22,"column":0}},"22":{"start":{"line":23,"column":0},"end":{"line":23,"column":24}},"23":{"start":{"line":24,"column":0},"end":{"line":24,"column":40}},"24":{"start":{"line":25,"column":0},"end":{"line":25,"column":46}},"25":{"start":{"line":26,"column":0},"end":{"line":26,"column":28}},"26":{"start":{"line":27,"column":0},"end":{"line":27,"column":3}},"27":{"start":{"line":28,"column":0},"end":{"line":28,"column":52}},"28":{"start":{"line":29,"column":0},"end":{"line":29,"column":43}},"29":{"start":{"line":30,"column":0},"end":{"line":30,"column":68}},"30":{"start":{"line":31,"column":0},"end":{"line":31,"column":31}},"31":{"start":{"line":32,"column":0},"end":{"line":32,"column":46}},"32":{"start":{"line":33,"column":0},"end":{"line":33,"column":0}},"33":{"start":{"line":34,"column":0},"end":{"line":34,"column":51}},"34":{"start":{"line":35,"column":0},"end":{"line":35,"column":73}},"35":{"start":{"line":36,"column":0},"end":{"line":36,"column":72}},"36":{"start":{"line":37,"column":0},"end":{"line":37,"column":0}},"37":{"start":{"line":38,"column":0},"end":{"line":38,"column":32}},"38":{"start":{"line":39,"column":0},"end":{"line":39,"column":49}},"39":{"start":{"line":40,"column":0},"end":{"line":40,"column":68}},"40":{"start":{"line":41,"column":0},"end":{"line":41,"column":4}},"41":{"start":{"line":42,"column":0},"end":{"line":42,"column":0}},"42":{"start":{"line":43,"column":0},"end":{"line":43,"column":52}},"43":{"start":{"line":44,"column":0},"end":{"line":44,"column":97}},"44":{"start":{"line":45,"column":0},"end":{"line":45,"column":27}},"45":{"start":{"line":46,"column":0},"end":{"line":46,"column":26}},"46":{"start":{"line":47,"column":0},"end":{"line":47,"column":17}},"47":{"start":{"line":48,"column":0},"end":{"line":48,"column":16}},"48":{"start":{"line":49,"column":0},"end":{"line":49,"column":5}},"49":{"start":{"line":50,"column":0},"end":{"line":50,"column":0}},"50":{"start":{"line":51,"column":0},"end":{"line":51,"column":53}},"51":{"start":{"line":52,"column":0},"end":{"line":52,"column":35}},"52":{"start":{"line":53,"column":0},"end":{"line":53,"column":0}},"53":{"start":{"line":54,"column":0},"end":{"line":54,"column":50}},"54":{"start":{"line":55,"column":0},"end":{"line":55,"column":38}},"55":{"start":{"line":56,"column":0},"end":{"line":56,"column":27}},"56":{"start":{"line":57,"column":0},"end":{"line":57,"column":53}},"57":{"start":{"line":58,"column":0},"end":{"line":58,"column":53}},"58":{"start":{"line":59,"column":0},"end":{"line":59,"column":28}},"59":{"start":{"line":60,"column":0},"end":{"line":60,"column":48}},"60":{"start":{"line":61,"column":0},"end":{"line":61,"column":23}},"61":{"start":{"line":62,"column":0},"end":{"line":62,"column":23}},"62":{"start":{"line":63,"column":0},"end":{"line":63,"column":7}},"63":{"start":{"line":64,"column":0},"end":{"line":64,"column":40}},"64":{"start":{"line":65,"column":0},"end":{"line":65,"column":40}},"65":{"start":{"line":66,"column":0},"end":{"line":66,"column":0}},"66":{"start":{"line":67,"column":0},"end":{"line":67,"column":49}},"67":{"start":{"line":68,"column":0},"end":{"line":68,"column":0}},"68":{"start":{"line":69,"column":0},"end":{"line":69,"column":35}},"69":{"start":{"line":70,"column":0},"end":{"line":70,"column":44}},"70":{"start":{"line":71,"column":0},"end":{"line":71,"column":69}},"71":{"start":{"line":72,"column":0},"end":{"line":72,"column":69}},"72":{"start":{"line":73,"column":0},"end":{"line":73,"column":69}},"73":{"start":{"line":74,"column":0},"end":{"line":74,"column":69}},"74":{"start":{"line":75,"column":0},"end":{"line":75,"column":0}},"75":{"start":{"line":76,"column":0},"end":{"line":76,"column":72}},"76":{"start":{"line":77,"column":0},"end":{"line":77,"column":5}},"77":{"start":{"line":78,"column":0},"end":{"line":78,"column":0}},"78":{"start":{"line":79,"column":0},"end":{"line":79,"column":52}},"79":{"start":{"line":80,"column":0},"end":{"line":80,"column":35}},"80":{"start":{"line":81,"column":0},"end":{"line":81,"column":30}},"81":{"start":{"line":82,"column":0},"end":{"line":82,"column":0}},"82":{"start":{"line":83,"column":0},"end":{"line":83,"column":27}},"83":{"start":{"line":84,"column":0},"end":{"line":84,"column":0}},"84":{"start":{"line":85,"column":0},"end":{"line":85,"column":26}},"85":{"start":{"line":86,"column":0},"end":{"line":86,"column":64}},"86":{"start":{"line":87,"column":0},"end":{"line":87,"column":64}},"87":{"start":{"line":88,"column":0},"end":{"line":88,"column":28}},"88":{"start":{"line":89,"column":0},"end":{"line":89,"column":7}},"89":{"start":{"line":90,"column":0},"end":{"line":90,"column":25}},"90":{"start":{"line":91,"column":0},"end":{"line":91,"column":61}},"91":{"start":{"line":92,"column":0},"end":{"line":92,"column":62}},"92":{"start":{"line":93,"column":0},"end":{"line":93,"column":27}},"93":{"start":{"line":94,"column":0},"end":{"line":94,"column":7}},"94":{"start":{"line":95,"column":0},"end":{"line":95,"column":5}},"95":{"start":{"line":96,"column":0},"end":{"line":96,"column":0}},"96":{"start":{"line":97,"column":0},"end":{"line":97,"column":57}},"97":{"start":{"line":98,"column":0},"end":{"line":98,"column":54}},"98":{"start":{"line":99,"column":0},"end":{"line":99,"column":57}},"99":{"start":{"line":100,"column":0},"end":{"line":100,"column":55}},"100":{"start":{"line":101,"column":0},"end":{"line":101,"column":3}},"101":{"start":{"line":102,"column":0},"end":{"line":102,"column":0}},"102":{"start":{"line":103,"column":0},"end":{"line":103,"column":42}},"103":{"start":{"line":104,"column":0},"end":{"line":104,"column":39}},"104":{"start":{"line":105,"column":0},"end":{"line":105,"column":78}},"105":{"start":{"line":106,"column":0},"end":{"line":106,"column":8}},"106":{"start":{"line":107,"column":0},"end":{"line":107,"column":31}},"107":{"start":{"line":108,"column":0},"end":{"line":108,"column":75}},"108":{"start":{"line":109,"column":0},"end":{"line":109,"column":5}},"109":{"start":{"line":110,"column":0},"end":{"line":110,"column":12}},"110":{"start":{"line":111,"column":0},"end":{"line":111,"column":49}},"111":{"start":{"line":112,"column":0},"end":{"line":112,"column":0}},"112":{"start":{"line":113,"column":0},"end":{"line":113,"column":44}},"113":{"start":{"line":114,"column":0},"end":{"line":114,"column":23}},"114":{"start":{"line":115,"column":0},"end":{"line":115,"column":3}},"115":{"start":{"line":116,"column":0},"end":{"line":116,"column":0}},"116":{"start":{"line":117,"column":0},"end":{"line":117,"column":43}},"117":{"start":{"line":118,"column":0},"end":{"line":118,"column":38}},"118":{"start":{"line":119,"column":0},"end":{"line":119,"column":78}},"119":{"start":{"line":120,"column":0},"end":{"line":120,"column":8}},"120":{"start":{"line":121,"column":0},"end":{"line":121,"column":31}},"121":{"start":{"line":122,"column":0},"end":{"line":122,"column":75}},"122":{"start":{"line":123,"column":0},"end":{"line":123,"column":5}},"123":{"start":{"line":124,"column":0},"end":{"line":124,"column":12}},"124":{"start":{"line":125,"column":0},"end":{"line":125,"column":49}},"125":{"start":{"line":126,"column":0},"end":{"line":126,"column":0}},"126":{"start":{"line":127,"column":0},"end":{"line":127,"column":30}},"127":{"start":{"line":128,"column":0},"end":{"line":128,"column":52}},"128":{"start":{"line":129,"column":0},"end":{"line":129,"column":23}},"129":{"start":{"line":130,"column":0},"end":{"line":130,"column":3}},"130":{"start":{"line":131,"column":0},"end":{"line":131,"column":0}},"131":{"start":{"line":132,"column":0},"end":{"line":132,"column":25}},"132":{"start":{"line":133,"column":0},"end":{"line":133,"column":27}},"133":{"start":{"line":134,"column":0},"end":{"line":134,"column":27}},"134":{"start":{"line":135,"column":0},"end":{"line":135,"column":28}},"135":{"start":{"line":136,"column":0},"end":{"line":136,"column":3}},"136":{"start":{"line":137,"column":0},"end":{"line":137,"column":0}},"137":{"start":{"line":138,"column":0},"end":{"line":138,"column":29}},"138":{"start":{"line":139,"column":0},"end":{"line":139,"column":27}},"139":{"start":{"line":140,"column":0},"end":{"line":140,"column":84}},"140":{"start":{"line":141,"column":0},"end":{"line":141,"column":5}},"141":{"start":{"line":142,"column":0},"end":{"line":142,"column":21}},"142":{"start":{"line":143,"column":0},"end":{"line":143,"column":45}},"143":{"start":{"line":144,"column":0},"end":{"line":144,"column":28}},"144":{"start":{"line":145,"column":0},"end":{"line":145,"column":58}},"145":{"start":{"line":146,"column":0},"end":{"line":146,"column":80}},"146":{"start":{"line":147,"column":0},"end":{"line":147,"column":33}},"147":{"start":{"line":148,"column":0},"end":{"line":148,"column":22}},"148":{"start":{"line":149,"column":0},"end":{"line":149,"column":45}},"149":{"start":{"line":150,"column":0},"end":{"line":150,"column":7}},"150":{"start":{"line":151,"column":0},"end":{"line":151,"column":6}},"151":{"start":{"line":152,"column":0},"end":{"line":152,"column":27}},"152":{"start":{"line":153,"column":0},"end":{"line":153,"column":45}},"153":{"start":{"line":154,"column":0},"end":{"line":154,"column":22}},"154":{"start":{"line":155,"column":0},"end":{"line":155,"column":63}},"155":{"start":{"line":156,"column":0},"end":{"line":156,"column":65}},"156":{"start":{"line":157,"column":0},"end":{"line":157,"column":7}},"157":{"start":{"line":158,"column":0},"end":{"line":158,"column":0}},"158":{"start":{"line":159,"column":0},"end":{"line":159,"column":65}},"159":{"start":{"line":160,"column":0},"end":{"line":160,"column":26}},"160":{"start":{"line":161,"column":0},"end":{"line":161,"column":64}},"161":{"start":{"line":162,"column":0},"end":{"line":162,"column":64}},"162":{"start":{"line":163,"column":0},"end":{"line":163,"column":7}},"163":{"start":{"line":164,"column":0},"end":{"line":164,"column":25}},"164":{"start":{"line":165,"column":0},"end":{"line":165,"column":61}},"165":{"start":{"line":166,"column":0},"end":{"line":166,"column":62}},"166":{"start":{"line":167,"column":0},"end":{"line":167,"column":7}},"167":{"start":{"line":168,"column":0},"end":{"line":168,"column":6}},"168":{"start":{"line":169,"column":0},"end":{"line":169,"column":10}},"169":{"start":{"line":170,"column":0},"end":{"line":170,"column":43}},"170":{"start":{"line":171,"column":0},"end":{"line":171,"column":26}},"171":{"start":{"line":172,"column":0},"end":{"line":172,"column":56}},"172":{"start":{"line":173,"column":0},"end":{"line":173,"column":78}},"173":{"start":{"line":174,"column":0},"end":{"line":174,"column":31}},"174":{"start":{"line":175,"column":0},"end":{"line":175,"column":20}},"175":{"start":{"line":176,"column":0},"end":{"line":176,"column":43}},"176":{"start":{"line":177,"column":0},"end":{"line":177,"column":5}},"177":{"start":{"line":178,"column":0},"end":{"line":178,"column":3}},"178":{"start":{"line":179,"column":0},"end":{"line":179,"column":0}},"179":{"start":{"line":180,"column":0},"end":{"line":180,"column":10}},"180":{"start":{"line":181,"column":0},"end":{"line":181,"column":19}},"181":{"start":{"line":182,"column":0},"end":{"line":182,"column":20}},"182":{"start":{"line":183,"column":0},"end":{"line":183,"column":15}},"183":{"start":{"line":184,"column":0},"end":{"line":184,"column":9}},"184":{"start":{"line":185,"column":0},"end":{"line":185,"column":3}},"185":{"start":{"line":186,"column":0},"end":{"line":186,"column":1}}},"s":{"0":1,"1":1,"2":1,"3":1,"4":1,"5":1,"6":1,"7":1,"8":1,"9":1,"10":1,"11":1,"12":1,"13":1,"14":1,"15":1,"16":1,"17":1,"18":1,"19":1,"20":1,"21":1,"22":1,"23":17,"24":17,"25":17,"26":17,"27":17,"28":17,"29":17,"30":17,"31":17,"32":17,"33":17,"34":17,"35":17,"36":17,"37":17,"38":0,"39":0,"40":17,"41":17,"42":17,"43":17,"44":3,"45":3,"46":3,"47":3,"48":3,"49":3,"50":3,"51":2,"52":2,"53":2,"54":1,"55":1,"56":2,"57":2,"58":2,"59":0,"60":0,"61":0,"62":0,"63":2,"64":2,"65":2,"66":2,"67":2,"68":2,"69":2,"70":2,"71":2,"72":2,"73":2,"74":2,"75":2,"76":2,"77":3,"78":3,"79":1,"80":1,"81":1,"82":1,"83":1,"84":1,"85":1,"86":1,"87":1,"88":1,"89":1,"90":1,"91":1,"92":1,"93":1,"94":1,"95":3,"96":3,"97":3,"98":3,"99":3,"100":3,"101":17,"102":17,"103":2,"104":2,"105":2,"106":2,"107":0,"108":2,"109":2,"110":2,"111":2,"112":2,"113":2,"114":2,"115":17,"116":17,"117":3,"118":1,"119":1,"120":1,"121":0,"122":3,"123":3,"124":3,"125":1,"126":1,"127":1,"128":1,"129":3,"130":17,"131":17,"132":17,"133":17,"134":17,"135":17,"136":17,"137":17,"138":17,"139":17,"140":17,"141":17,"142":17,"143":17,"144":15,"145":15,"146":15,"147":15,"148":15,"149":15,"150":17,"151":17,"152":17,"153":17,"154":15,"155":15,"156":15,"157":17,"158":17,"159":17,"160":2,"161":2,"162":2,"163":17,"164":2,"165":2,"166":2,"167":17,"168":17,"169":0,"170":0,"171":0,"172":0,"173":0,"174":0,"175":0,"176":0,"177":0,"178":17,"179":17,"180":17,"181":17,"182":17,"183":17,"184":17,"185":17},"branchMap":{"0":{"type":"branch","line":23,"loc":{"start":{"line":23,"column":7},"end":{"line":186,"column":1}},"locations":[{"start":{"line":23,"column":7},"end":{"line":186,"column":1}}]},"1":{"type":"branch","line":169,"loc":{"start":{"line":169,"column":2},"end":{"line":178,"column":3}},"locations":[{"start":{"line":169,"column":2},"end":{"line":178,"column":3}}]},"2":{"type":"branch","line":44,"loc":{"start":{"line":44,"column":26},"end":{"line":101,"column":3}},"locations":[{"start":{"line":44,"column":26},"end":{"line":101,"column":3}}]},"3":{"type":"branch","line":51,"loc":{"start":{"line":51,"column":20},"end":{"line":77,"column":5}},"locations":[{"start":{"line":51,"column":20},"end":{"line":77,"column":5}}]},"4":{"type":"branch","line":52,"loc":{"start":{"line":52,"column":29},"end":{"line":52,"column":35}},"locations":[{"start":{"line":52,"column":29},"end":{"line":52,"column":35}}]},"5":{"type":"branch","line":54,"loc":{"start":{"line":54,"column":49},"end":{"line":55,"column":38}},"locations":[{"start":{"line":54,"column":49},"end":{"line":55,"column":38}}]},"6":{"type":"branch","line":55,"loc":{"start":{"line":55,"column":37},"end":{"line":56,"column":27}},"locations":[{"start":{"line":55,"column":37},"end":{"line":56,"column":27}}]},"7":{"type":"branch","line":59,"loc":{"start":{"line":59,"column":27},"end":{"line":63,"column":7}},"locations":[{"start":{"line":59,"column":27},"end":{"line":63,"column":7}}]},"8":{"type":"branch","line":70,"loc":{"start":{"line":70,"column":30},"end":{"line":70,"column":44}},"locations":[{"start":{"line":70,"column":30},"end":{"line":70,"column":44}}]},"9":{"type":"branch","line":71,"loc":{"start":{"line":71,"column":39},"end":{"line":71,"column":69}},"locations":[{"start":{"line":71,"column":39},"end":{"line":71,"column":69}}]},"10":{"type":"branch","line":72,"loc":{"start":{"line":72,"column":39},"end":{"line":72,"column":69}},"locations":[{"start":{"line":72,"column":39},"end":{"line":72,"column":69}}]},"11":{"type":"branch","line":73,"loc":{"start":{"line":73,"column":39},"end":{"line":73,"column":69}},"locations":[{"start":{"line":73,"column":39},"end":{"line":73,"column":69}}]},"12":{"type":"branch","line":74,"loc":{"start":{"line":74,"column":39},"end":{"line":74,"column":69}},"locations":[{"start":{"line":74,"column":39},"end":{"line":74,"column":69}}]},"13":{"type":"branch","line":79,"loc":{"start":{"line":79,"column":19},"end":{"line":95,"column":5}},"locations":[{"start":{"line":79,"column":19},"end":{"line":95,"column":5}}]},"14":{"type":"branch","line":80,"loc":{"start":{"line":80,"column":29},"end":{"line":80,"column":35}},"locations":[{"start":{"line":80,"column":29},"end":{"line":80,"column":35}}]},"15":{"type":"branch","line":103,"loc":{"start":{"line":103,"column":22},"end":{"line":115,"column":3}},"locations":[{"start":{"line":103,"column":22},"end":{"line":115,"column":3}}]},"16":{"type":"branch","line":104,"loc":{"start":{"line":104,"column":33},"end":{"line":104,"column":39}},"locations":[{"start":{"line":104,"column":33},"end":{"line":104,"column":39}}]},"17":{"type":"branch","line":105,"loc":{"start":{"line":105,"column":72},"end":{"line":105,"column":78}},"locations":[{"start":{"line":105,"column":72},"end":{"line":105,"column":78}}]},"18":{"type":"branch","line":107,"loc":{"start":{"line":107,"column":13},"end":{"line":108,"column":75}},"locations":[{"start":{"line":107,"column":13},"end":{"line":108,"column":75}}]},"19":{"type":"branch","line":110,"loc":{"start":{"line":110,"column":6},"end":{"line":110,"column":12}},"locations":[{"start":{"line":110,"column":6},"end":{"line":110,"column":12}}]},"20":{"type":"branch","line":111,"loc":{"start":{"line":111,"column":15},"end":{"line":111,"column":36}},"locations":[{"start":{"line":111,"column":15},"end":{"line":111,"column":36}}]},"21":{"type":"branch","line":111,"loc":{"start":{"line":111,"column":43},"end":{"line":111,"column":49}},"locations":[{"start":{"line":111,"column":43},"end":{"line":111,"column":49}}]},"22":{"type":"branch","line":117,"loc":{"start":{"line":117,"column":23},"end":{"line":130,"column":3}},"locations":[{"start":{"line":117,"column":23},"end":{"line":130,"column":3}}]},"23":{"type":"branch","line":118,"loc":{"start":{"line":118,"column":32},"end":{"line":118,"column":38}},"locations":[{"start":{"line":118,"column":32},"end":{"line":118,"column":38}}]},"24":{"type":"branch","line":118,"loc":{"start":{"line":118,"column":32},"end":{"line":122,"column":75}},"locations":[{"start":{"line":118,"column":32},"end":{"line":122,"column":75}}]},"25":{"type":"branch","line":119,"loc":{"start":{"line":119,"column":72},"end":{"line":119,"column":78}},"locations":[{"start":{"line":119,"column":72},"end":{"line":119,"column":78}}]},"26":{"type":"branch","line":121,"loc":{"start":{"line":121,"column":13},"end":{"line":122,"column":75}},"locations":[{"start":{"line":121,"column":13},"end":{"line":122,"column":75}}]},"27":{"type":"branch","line":124,"loc":{"start":{"line":124,"column":6},"end":{"line":125,"column":36}},"locations":[{"start":{"line":124,"column":6},"end":{"line":125,"column":36}}]},"28":{"type":"branch","line":124,"loc":{"start":{"line":124,"column":6},"end":{"line":124,"column":12}},"locations":[{"start":{"line":124,"column":6},"end":{"line":124,"column":12}}]},"29":{"type":"branch","line":125,"loc":{"start":{"line":125,"column":15},"end":{"line":125,"column":36}},"locations":[{"start":{"line":125,"column":15},"end":{"line":125,"column":36}}]},"30":{"type":"branch","line":125,"loc":{"start":{"line":125,"column":43},"end":{"line":129,"column":23}},"locations":[{"start":{"line":125,"column":43},"end":{"line":129,"column":23}}]},"31":{"type":"branch","line":125,"loc":{"start":{"line":125,"column":43},"end":{"line":125,"column":49}},"locations":[{"start":{"line":125,"column":43},"end":{"line":125,"column":49}}]},"32":{"type":"branch","line":142,"loc":{"start":{"line":142,"column":14},"end":{"line":151,"column":5}},"locations":[{"start":{"line":142,"column":14},"end":{"line":151,"column":5}}]},"33":{"type":"branch","line":144,"loc":{"start":{"line":144,"column":22},"end":{"line":144,"column":28}},"locations":[{"start":{"line":144,"column":22},"end":{"line":144,"column":28}}]},"34":{"type":"branch","line":144,"loc":{"start":{"line":144,"column":22},"end":{"line":150,"column":7}},"locations":[{"start":{"line":144,"column":22},"end":{"line":150,"column":7}}]},"35":{"type":"branch","line":152,"loc":{"start":{"line":152,"column":20},"end":{"line":168,"column":5}},"locations":[{"start":{"line":152,"column":20},"end":{"line":168,"column":5}}]},"36":{"type":"branch","line":154,"loc":{"start":{"line":154,"column":21},"end":{"line":157,"column":7}},"locations":[{"start":{"line":154,"column":21},"end":{"line":157,"column":7}}]},"37":{"type":"branch","line":160,"loc":{"start":{"line":160,"column":25},"end":{"line":163,"column":7}},"locations":[{"start":{"line":160,"column":25},"end":{"line":163,"column":7}}]},"38":{"type":"branch","line":164,"loc":{"start":{"line":164,"column":24},"end":{"line":167,"column":7}},"locations":[{"start":{"line":164,"column":24},"end":{"line":167,"column":7}}]}},"b":{"0":[17],"1":[0],"2":[3],"3":[2],"4":[0],"5":[1],"6":[1],"7":[0],"8":[1],"9":[1],"10":[1],"11":[1],"12":[1],"13":[1],"14":[0],"15":[2],"16":[0],"17":[0],"18":[0],"19":[0],"20":[0],"21":[0],"22":[3],"23":[2],"24":[1],"25":[0],"26":[0],"27":[1],"28":[0],"29":[0],"30":[1],"31":[0],"32":[17],"33":[2],"34":[15],"35":[17],"36":[15],"37":[2],"38":[2]},"fnMap":{"0":{"name":"useDrag","decl":{"start":{"line":23,"column":7},"end":{"line":186,"column":1}},"loc":{"start":{"line":23,"column":7},"end":{"line":186,"column":1}},"line":23},"1":{"name":"handleDragStart","decl":{"start":{"line":44,"column":26},"end":{"line":101,"column":3}},"loc":{"start":{"line":44,"column":26},"end":{"line":101,"column":3}},"line":44},"2":{"name":"currentOnMove","decl":{"start":{"line":51,"column":20},"end":{"line":77,"column":5}},"loc":{"start":{"line":51,"column":20},"end":{"line":77,"column":5}},"line":51},"3":{"name":"currentOnEnd","decl":{"start":{"line":79,"column":19},"end":{"line":95,"column":5}},"loc":{"start":{"line":79,"column":19},"end":{"line":95,"column":5}},"line":79},"4":{"name":"onMousedown","decl":{"start":{"line":103,"column":22},"end":{"line":115,"column":3}},"loc":{"start":{"line":103,"column":22},"end":{"line":115,"column":3}},"line":103},"5":{"name":"onTouchstart","decl":{"start":{"line":117,"column":23},"end":{"line":130,"column":3}},"loc":{"start":{"line":117,"column":23},"end":{"line":130,"column":3}},"line":117}},"f":{"0":17,"1":3,"2":2,"3":1,"4":2,"5":3}}
,"/root/projects/vue3-drag-zoom/packages/hooks/use-event-manager.ts": {"path":"/root/projects/vue3-drag-zoom/packages/hooks/use-event-manager.ts","all":false,"statementMap":{"0":{"start":{"line":1,"column":0},"end":{"line":1,"column":3}},"1":{"start":{"line":2,"column":0},"end":{"line":2,"column":47}},"2":{"start":{"line":3,"column":0},"end":{"line":3,"column":3}},"3":{"start":{"line":4,"column":0},"end":{"line":4,"column":73}},"4":{"start":{"line":5,"column":0},"end":{"line":5,"column":32}},"5":{"start":{"line":6,"column":0},"end":{"line":6,"column":35}},"6":{"start":{"line":7,"column":0},"end":{"line":7,"column":0}},"7":{"start":{"line":8,"column":0},"end":{"line":8,"column":32}},"8":{"start":{"line":9,"column":0},"end":{"line":9,"column":37}},"9":{"start":{"line":10,"column":0},"end":{"line":10,"column":38}},"10":{"start":{"line":11,"column":0},"end":{"line":11,"column":37}},"11":{"start":{"line":12,"column":0},"end":{"line":12,"column":36}},"12":{"start":{"line":13,"column":0},"end":{"line":13,"column":33}},"13":{"start":{"line":14,"column":0},"end":{"line":14,"column":37}},"14":{"start":{"line":15,"column":0},"end":{"line":15,"column":35}},"15":{"start":{"line":16,"column":0},"end":{"line":16,"column":1}},"16":{"start":{"line":17,"column":0},"end":{"line":17,"column":0}},"17":{"start":{"line":18,"column":0},"end":{"line":18,"column":39}},"18":{"start":{"line":19,"column":0},"end":{"line":19,"column":19}},"19":{"start":{"line":20,"column":0},"end":{"line":20,"column":19}},"20":{"start":{"line":21,"column":0},"end":{"line":21,"column":1}},"21":{"start":{"line":22,"column":0},"end":{"line":22,"column":0}},"22":{"start":{"line":23,"column":0},"end":{"line":23,"column":3}},"23":{"start":{"line":24,"column":0},"end":{"line":24,"column":13}},"24":{"start":{"line":25,"column":0},"end":{"line":25,"column":27}},"25":{"start":{"line":26,"column":0},"end":{"line":26,"column":3}},"26":{"start":{"line":27,"column":0},"end":{"line":27,"column":32}},"27":{"start":{"line":28,"column":0},"end":{"line":28,"column":48}},"28":{"start":{"line":29,"column":0},"end":{"line":29,"column":26}},"29":{"start":{"line":30,"column":0},"end":{"line":30,"column":12}},"30":{"start":{"line":31,"column":0},"end":{"line":31,"column":26}},"31":{"start":{"line":32,"column":0},"end":{"line":32,"column":26}},"32":{"start":{"line":33,"column":0},"end":{"line":33,"column":26}},"33":{"start":{"line":34,"column":0},"end":{"line":34,"column":59}},"34":{"start":{"line":35,"column":0},"end":{"line":35,"column":8}},"35":{"start":{"line":36,"column":0},"end":{"line":36,"column":3}},"36":{"start":{"line":37,"column":0},"end":{"line":37,"column":85}},"37":{"start":{"line":38,"column":0},"end":{"line":38,"column":0}},"38":{"start":{"line":39,"column":0},"end":{"line":39,"column":35}},"39":{"start":{"line":40,"column":0},"end":{"line":40,"column":0}},"40":{"start":{"line":41,"column":0},"end":{"line":41,"column":14}},"41":{"start":{"line":42,"column":0},"end":{"line":42,"column":93}},"42":{"start":{"line":43,"column":0},"end":{"line":43,"column":74}},"43":{"start":{"line":44,"column":0},"end":{"line":44,"column":3}},"44":{"start":{"line":45,"column":0},"end":{"line":45,"column":0}},"45":{"start":{"line":46,"column":0},"end":{"line":46,"column":14}},"46":{"start":{"line":47,"column":0},"end":{"line":47,"column":69}},"47":{"start":{"line":48,"column":0},"end":{"line":48,"column":64}},"48":{"start":{"line":49,"column":0},"end":{"line":49,"column":3}},"49":{"start":{"line":50,"column":0},"end":{"line":50,"column":0}},"50":{"start":{"line":51,"column":0},"end":{"line":51,"column":11}},"51":{"start":{"line":52,"column":0},"end":{"line":52,"column":29}},"52":{"start":{"line":53,"column":0},"end":{"line":53,"column":35}},"53":{"start":{"line":54,"column":0},"end":{"line":54,"column":35}},"54":{"start":{"line":55,"column":0},"end":{"line":55,"column":55}},"55":{"start":{"line":56,"column":0},"end":{"line":56,"column":7}},"56":{"start":{"line":57,"column":0},"end":{"line":57,"column":42}},"57":{"start":{"line":58,"column":0},"end":{"line":58,"column":69}},"58":{"start":{"line":59,"column":0},"end":{"line":59,"column":7}},"59":{"start":{"line":60,"column":0},"end":{"line":60,"column":5}},"60":{"start":{"line":61,"column":0},"end":{"line":61,"column":3}},"61":{"start":{"line":62,"column":0},"end":{"line":62,"column":0}},"62":{"start":{"line":63,"column":0},"end":{"line":63,"column":17}},"63":{"start":{"line":64,"column":0},"end":{"line":64,"column":56}},"64":{"start":{"line":65,"column":0},"end":{"line":65,"column":19}},"65":{"start":{"line":66,"column":0},"end":{"line":66,"column":19}},"66":{"start":{"line":67,"column":0},"end":{"line":67,"column":27}},"67":{"start":{"line":68,"column":0},"end":{"line":68,"column":24}},"68":{"start":{"line":69,"column":0},"end":{"line":69,"column":23}},"69":{"start":{"line":70,"column":0},"end":{"line":70,"column":27}},"70":{"start":{"line":71,"column":0},"end":{"line":71,"column":23}},"71":{"start":{"line":72,"column":0},"end":{"line":72,"column":21}},"72":{"start":{"line":73,"column":0},"end":{"line":73,"column":27}},"73":{"start":{"line":74,"column":0},"end":{"line":74,"column":14}},"74":{"start":{"line":75,"column":0},"end":{"line":75,"column":20}},"75":{"start":{"line":76,"column":0},"end":{"line":76,"column":5}},"76":{"start":{"line":77,"column":0},"end":{"line":77,"column":3}},"77":{"start":{"line":78,"column":0},"end":{"line":78,"column":0}},"78":{"start":{"line":79,"column":0},"end":{"line":79,"column":14}},"79":{"start":{"line":80,"column":0},"end":{"line":80,"column":35}},"80":{"start":{"line":81,"column":0},"end":{"line":81,"column":61}},"81":{"start":{"line":82,"column":0},"end":{"line":82,"column":20}},"82":{"start":{"line":83,"column":0},"end":{"line":83,"column":61}},"83":{"start":{"line":84,"column":0},"end":{"line":84,"column":7}},"84":{"start":{"line":85,"column":0},"end":{"line":85,"column":5}},"85":{"start":{"line":86,"column":0},"end":{"line":86,"column":17}},"86":{"start":{"line":87,"column":0},"end":{"line":87,"column":3}},"87":{"start":{"line":88,"column":0},"end":{"line":88,"column":0}},"88":{"start":{"line":89,"column":0},"end":{"line":89,"column":14}},"89":{"start":{"line":90,"column":0},"end":{"line":90,"column":37}},"90":{"start":{"line":91,"column":0},"end":{"line":91,"column":61}},"91":{"start":{"line":92,"column":0},"end":{"line":92,"column":20}},"92":{"start":{"line":93,"column":0},"end":{"line":93,"column":38}},"93":{"start":{"line":94,"column":0},"end":{"line":94,"column":7}},"94":{"start":{"line":95,"column":0},"end":{"line":95,"column":5}},"95":{"start":{"line":96,"column":0},"end":{"line":96,"column":3}},"96":{"start":{"line":97,"column":0},"end":{"line":97,"column":0}},"97":{"start":{"line":98,"column":0},"end":{"line":98,"column":29}},"98":{"start":{"line":99,"column":0},"end":{"line":99,"column":14}},"99":{"start":{"line":100,"column":0},"end":{"line":100,"column":21}},"100":{"start":{"line":101,"column":0},"end":{"line":101,"column":25}},"101":{"start":{"line":102,"column":0},"end":{"line":102,"column":6}},"102":{"start":{"line":103,"column":0},"end":{"line":103,"column":0}},"103":{"start":{"line":104,"column":0},"end":{"line":104,"column":27}},"104":{"start":{"line":105,"column":0},"end":{"line":105,"column":27}},"105":{"start":{"line":106,"column":0},"end":{"line":106,"column":6}},"106":{"start":{"line":107,"column":0},"end":{"line":107,"column":10}},"107":{"start":{"line":108,"column":0},"end":{"line":108,"column":17}},"108":{"start":{"line":109,"column":0},"end":{"line":109,"column":23}},"109":{"start":{"line":110,"column":0},"end":{"line":110,"column":3}},"110":{"start":{"line":111,"column":0},"end":{"line":111,"column":0}},"111":{"start":{"line":112,"column":0},"end":{"line":112,"column":10}},"112":{"start":{"line":113,"column":0},"end":{"line":113,"column":12}},"113":{"start":{"line":114,"column":0},"end":{"line":114,"column":18}},"114":{"start":{"line":115,"column":0},"end":{"line":115,"column":20}},"115":{"start":{"line":116,"column":0},"end":{"line":116,"column":22}},"116":{"start":{"line":117,"column":0},"end":{"line":117,"column":23}},"117":{"start":{"line":118,"column":0},"end":{"line":118,"column":3}},"118":{"start":{"line":119,"column":0},"end":{"line":119,"column":1}},"119":{"start":{"line":120,"column":0},"end":{"line":120,"column":0}},"120":{"start":{"line":121,"column":0},"end":{"line":121,"column":3}},"121":{"start":{"line":122,"column":0},"end":{"line":122,"column":37}},"122":{"start":{"line":123,"column":0},"end":{"line":123,"column":3}},"123":{"start":{"line":124,"column":0},"end":{"line":124,"column":45}},"124":{"start":{"line":125,"column":0},"end":{"line":125,"column":37}},"125":{"start":{"line":126,"column":0},"end":{"line":126,"column":35}},"126":{"start":{"line":127,"column":0},"end":{"line":127,"column":37}},"127":{"start":{"line":128,"column":0},"end":{"line":128,"column":36}},"128":{"start":{"line":129,"column":0},"end":{"line":129,"column":4}},"129":{"start":{"line":130,"column":0},"end":{"line":130,"column":22}},"130":{"start":{"line":131,"column":0},"end":{"line":131,"column":0}},"131":{"start":{"line":132,"column":0},"end":{"line":132,"column":29}},"132":{"start":{"line":133,"column":0},"end":{"line":133,"column":19}},"133":{"start":{"line":134,"column":0},"end":{"line":134,"column":63}},"134":{"start":{"line":135,"column":0},"end":{"line":135,"column":59}},"135":{"start":{"line":136,"column":0},"end":{"line":136,"column":63}},"136":{"start":{"line":137,"column":0},"end":{"line":137,"column":61}},"137":{"start":{"line":138,"column":0},"end":{"line":138,"column":3}},"138":{"start":{"line":139,"column":0},"end":{"line":139,"column":0}},"139":{"start":{"line":140,"column":0},"end":{"line":140,"column":31}},"140":{"start":{"line":141,"column":0},"end":{"line":141,"column":20}},"141":{"start":{"line":142,"column":0},"end":{"line":142,"column":66}},"142":{"start":{"line":143,"column":0},"end":{"line":143,"column":62}},"143":{"start":{"line":144,"column":0},"end":{"line":144,"column":66}},"144":{"start":{"line":145,"column":0},"end":{"line":145,"column":64}},"145":{"start":{"line":146,"column":0},"end":{"line":146,"column":3}},"146":{"start":{"line":147,"column":0},"end":{"line":147,"column":0}},"147":{"start":{"line":148,"column":0},"end":{"line":148,"column":25}},"148":{"start":{"line":149,"column":0},"end":{"line":149,"column":89}},"149":{"start":{"line":150,"column":0},"end":{"line":150,"column":83}},"150":{"start":{"line":151,"column":0},"end":{"line":151,"column":89}},"151":{"start":{"line":152,"column":0},"end":{"line":152,"column":86}},"152":{"start":{"line":153,"column":0},"end":{"line":153,"column":3}},"153":{"start":{"line":154,"column":0},"end":{"line":154,"column":0}},"154":{"start":{"line":155,"column":0},"end":{"line":155,"column":10}},"155":{"start":{"line":156,"column":0},"end":{"line":156,"column":16}},"156":{"start":{"line":157,"column":0},"end":{"line":157,"column":18}},"157":{"start":{"line":158,"column":0},"end":{"line":158,"column":12}},"158":{"start":{"line":159,"column":0},"end":{"line":159,"column":28}},"159":{"start":{"line":160,"column":0},"end":{"line":160,"column":3}},"160":{"start":{"line":161,"column":0},"end":{"line":161,"column":1}}},"s":{"0":1,"1":1,"2":1,"3":1,"4":1,"5":1,"6":1,"7":1,"8":1,"9":1,"10":1,"11":1,"12":1,"13":1,"14":1,"15":1,"16":1,"17":1,"18":1,"19":1,"20":1,"21":1,"22":1,"23":1,"24":1,"25":1,"26":1,"27":7,"28":7,"29":7,"30":7,"31":7,"32":7,"33":7,"34":7,"35":7,"36":7,"37":7,"38":7,"39":7,"40":7,"41":7,"42":6,"43":6,"44":7,"45":7,"46":7,"47":6,"48":6,"49":7,"50":7,"51":7,"52":7,"53":1,"54":1,"55":1,"56":1,"57":1,"58":1,"59":1,"60":7,"61":7,"62":7,"63":7,"64":6,"65":6,"66":1,"67":6,"68":6,"69":1,"70":6,"71":6,"72":0,"73":6,"74":4,"75":6,"76":6,"77":7,"78":7,"79":7,"80":7,"81":6,"82":6,"83":6,"84":6,"85":7,"86":7,"87":7,"88":7,"89":7,"90":7,"91":6,"92":6,"93":6,"94":6,"95":7,"96":7,"97":7,"98":7,"99":7,"100":7,"101":7,"102":7,"103":7,"104":7,"105":7,"106":7,"107":0,"108":0,"109":0,"110":7,"111":7,"112":7,"113":7,"114":7,"115":7,"116":7,"117":7,"118":7,"119":1,"120":1,"121":1,"122":1,"123":1,"124":0,"125":0,"126":0,"127":0,"128":0,"129":0,"130":0,"131":0,"132":0,"133":0,"134":0,"135":0,"136":0,"137":0,"138":0,"139":0,"140":0,"141":0,"142":0,"143":0,"144":0,"145":0,"146":0,"147":0,"148":0,"149":0,"150":0,"151":0,"152":0,"153":0,"154":0,"155":0,"156":0,"157":0,"158":0,"159":0,"160":0},"branchMap":{"0":{"type":"branch","line":27,"loc":{"start":{"line":27,"column":7},"end":{"line":119,"column":1}},"locations":[{"start":{"line":27,"column":7},"end":{"line":119,"column":1}}]},"1":{"type":"branch","line":107,"loc":{"start":{"line":107,"column":2},"end":{"line":110,"column":3}},"locations":[{"start":{"line":107,"column":2},"end":{"line":110,"column":3}}]},"2":{"type":"branch","line":42,"loc":{"start":{"line":42,"column":24},"end":{"line":44,"column":3}},"locations":[{"start":{"line":42,"column":24},"end":{"line":44,"column":3}}]},"3":{"type":"branch","line":43,"loc":{"start":{"line":43,"column":4},"end":{"line":43,"column":30}},"locations":[{"start":{"line":43,"column":4},"end":{"line":43,"column":30}}]},"4":{"type":"branch","line":47,"loc":{"start":{"line":47,"column":26},"end":{"line":49,"column":3}},"locations":[{"start":{"line":47,"column":26},"end":{"line":49,"column":3}}]},"5":{"type":"branch","line":48,"loc":{"start":{"line":48,"column":4},"end":{"line":48,"column":33}},"locations":[{"start":{"line":48,"column":4},"end":{"line":48,"column":33}}]},"6":{"type":"branch","line":52,"loc":{"start":{"line":52,"column":22},"end":{"line":61,"column":3}},"locations":[{"start":{"line":52,"column":22},"end":{"line":61,"column":3}}]},"7":{"type":"branch","line":53,"loc":{"start":{"line":53,"column":8},"end":{"line":53,"column":34}},"locations":[{"start":{"line":53,"column":8},"end":{"line":53,"column":34}}]},"8":{"type":"branch","line":53,"loc":{"start":{"line":53,"column":34},"end":{"line":60,"column":5}},"locations":[{"start":{"line":53,"column":34},"end":{"line":60,"column":5}}]},"9":{"type":"branch","line":64,"loc":{"start":{"line":64,"column":28},"end":{"line":77,"column":3}},"locations":[{"start":{"line":64,"column":28},"end":{"line":77,"column":3}}]},"10":{"type":"branch","line":66,"loc":{"start":{"line":66,"column":6},"end":{"line":67,"column":27}},"locations":[{"start":{"line":66,"column":6},"end":{"line":67,"column":27}}]},"11":{"type":"branch","line":68,"loc":{"start":{"line":68,"column":6},"end":{"line":68,"column":24}},"locations":[{"start":{"line":68,"column":6},"end":{"line":68,"column":24}}]},"12":{"type":"branch","line":69,"loc":{"start":{"line":69,"column":6},"end":{"line":70,"column":27}},"locations":[{"start":{"line":69,"column":6},"end":{"line":70,"column":27}}]},"13":{"type":"branch","line":71,"loc":{"start":{"line":71,"column":6},"end":{"line":71,"column":23}},"locations":[{"start":{"line":71,"column":6},"end":{"line":71,"column":23}}]},"14":{"type":"branch","line":72,"loc":{"start":{"line":72,"column":6},"end":{"line":73,"column":27}},"locations":[{"start":{"line":72,"column":6},"end":{"line":73,"column":27}}]},"15":{"type":"branch","line":74,"loc":{"start":{"line":74,"column":6},"end":{"line":75,"column":20}},"locations":[{"start":{"line":74,"column":6},"end":{"line":75,"column":20}}]},"16":{"type":"branch","line":80,"loc":{"start":{"line":80,"column":28},"end":{"line":87,"column":3}},"locations":[{"start":{"line":80,"column":28},"end":{"line":87,"column":3}}]},"17":{"type":"branch","line":81,"loc":{"start":{"line":81,"column":60},"end":{"line":85,"column":5}},"locations":[{"start":{"line":81,"column":60},"end":{"line":85,"column":5}}]},"18":{"type":"branch","line":90,"loc":{"start":{"line":90,"column":30},"end":{"line":96,"column":3}},"locations":[{"start":{"line":90,"column":30},"end":{"line":96,"column":3}}]},"19":{"type":"branch","line":91,"loc":{"start":{"line":91,"column":60},"end":{"line":95,"column":5}},"locations":[{"start":{"line":91,"column":60},"end":{"line":95,"column":5}}]},"20":{"type":"branch","line":100,"loc":{"start":{"line":100,"column":14},"end":{"line":102,"column":5}},"locations":[{"start":{"line":100,"column":14},"end":{"line":102,"column":5}}]},"21":{"type":"branch","line":104,"loc":{"start":{"line":104,"column":20},"end":{"line":106,"column":5}},"locations":[{"start":{"line":104,"column":20},"end":{"line":106,"column":5}}]}},"b":{"0":[7],"1":[0],"2":[6],"3":[5],"4":[6],"5":[5],"6":[7],"7":[6],"8":[1],"9":[6],"10":[1],"11":[1],"12":[1],"13":[0],"14":[0],"15":[4],"16":[7],"17":[6],"18":[7],"19":[6],"20":[7],"21":[7]},"fnMap":{"0":{"name":"useEventManager","decl":{"start":{"line":27,"column":7},"end":{"line":119,"column":1}},"loc":{"start":{"line":27,"column":7},"end":{"line":119,"column":1}},"line":27},"1":{"name":"registerEvent","decl":{"start":{"line":42,"column":24},"end":{"line":44,"column":3}},"loc":{"start":{"line":42,"column":24},"end":{"line":44,"column":3}},"line":42},"2":{"name":"unregisterEvent","decl":{"start":{"line":47,"column":26},"end":{"line":49,"column":3}},"loc":{"start":{"line":47,"column":26},"end":{"line":49,"column":3}},"line":47},"3":{"name":"applyStyles","decl":{"start":{"line":52,"column":22},"end":{"line":61,"column":3}},"loc":{"start":{"line":52,"column":22},"end":{"line":61,"column":3}},"line":52},"4":{"name":"getPassiveForType","decl":{"start":{"line":64,"column":28},"end":{"line":77,"column":3}},"loc":{"start":{"line":64,"column":28},"end":{"line":77,"column":3}},"line":64},"5":{"name":"registerAllEvents","decl":{"start":{"line":80,"column":28},"end":{"line":87,"column":3}},"loc":{"start":{"line":80,"column":28},"end":{"line":87,"column":3}},"line":80},"6":{"name":"unregisterAllEvents","decl":{"start":{"line":90,"column":30},"end":{"line":96,"column":3}},"loc":{"start":{"line":90,"column":30},"end":{"line":96,"column":3}},"line":90},"7":{"name":"useDocumentEvents","decl":{"start":{"line":124,"column":7},"end":{"line":161,"column":1}},"loc":{"start":{"line":124,"column":7},"end":{"line":161,"column":1}},"line":124}},"f":{"0":7,"1":6,"2":6,"3":7,"4":6,"5":7,"6":7,"7":0}}
,"/root/projects/vue3-drag-zoom/packages/utils/index.ts": {"path":"/root/projects/vue3-drag-zoom/packages/utils/index.ts","all":false,"statementMap":{"0":{"start":{"line":1,"column":0},"end":{"line":1,"column":27}},"1":{"start":{"line":2,"column":0},"end":{"line":2,"column":71}},"2":{"start":{"line":3,"column":0},"end":{"line":3,"column":0}},"3":{"start":{"line":4,"column":0},"end":{"line":4,"column":69}},"4":{"start":{"line":5,"column":0},"end":{"line":5,"column":49}},"5":{"start":{"line":6,"column":0},"end":{"line":6,"column":1}},"6":{"start":{"line":7,"column":0},"end":{"line":7,"column":0}},"7":{"start":{"line":8,"column":0},"end":{"line":8,"column":55}},"8":{"start":{"line":9,"column":0},"end":{"line":9,"column":34}},"9":{"start":{"line":10,"column":0},"end":{"line":10,"column":25}},"10":{"start":{"line":11,"column":0},"end":{"line":11,"column":10}},"11":{"start":{"line":12,"column":0},"end":{"line":12,"column":39}},"12":{"start":{"line":13,"column":0},"end":{"line":13,"column":3}},"13":{"start":{"line":14,"column":0},"end":{"line":14,"column":1}},"14":{"start":{"line":15,"column":0},"end":{"line":15,"column":0}},"15":{"start":{"line":16,"column":0},"end":{"line":16,"column":33}},"16":{"start":{"line":17,"column":0},"end":{"line":17,"column":19}},"17":{"start":{"line":18,"column":0},"end":{"line":18,"column":1}},"18":{"start":{"line":19,"column":0},"end":{"line":19,"column":0}},"19":{"start":{"line":20,"column":0},"end":{"line":20,"column":45}},"20":{"start":{"line":21,"column":0},"end":{"line":21,"column":23}},"21":{"start":{"line":22,"column":0},"end":{"line":22,"column":1}},"22":{"start":{"line":23,"column":0},"end":{"line":23,"column":0}},"23":{"start":{"line":24,"column":0},"end":{"line":24,"column":47}},"24":{"start":{"line":25,"column":0},"end":{"line":25,"column":35}},"25":{"start":{"line":26,"column":0},"end":{"line":26,"column":1}},"26":{"start":{"line":27,"column":0},"end":{"line":27,"column":0}},"27":{"start":{"line":28,"column":0},"end":{"line":28,"column":39}},"28":{"start":{"line":29,"column":0},"end":{"line":29,"column":42}},"29":{"start":{"line":30,"column":0},"end":{"line":30,"column":1}}},"s":{"0":1,"1":1,"2":1,"3":1,"4":17,"5":17,"6":1,"7":1,"8":104,"9":2,"10":104,"11":102,"12":102,"13":104,"14":1,"15":1,"16":1,"17":1,"18":1,"19":1,"20":1,"21":1,"22":1,"23":1,"24":1,"25":1,"26":1,"27":1,"28":10,"29":10},"branchMap":{"0":{"type":"branch","line":4,"loc":{"start":{"line":4,"column":7},"end":{"line":6,"column":1}},"locations":[{"start":{"line":4,"column":7},"end":{"line":6,"column":1}}]},"1":{"type":"branch","line":8,"loc":{"start":{"line":8,"column":7},"end":{"line":14,"column":1}},"locations":[{"start":{"line":8,"column":7},"end":{"line":14,"column":1}}]},"2":{"type":"branch","line":9,"loc":{"start":{"line":9,"column":33},"end":{"line":11,"column":9}},"locations":[{"start":{"line":9,"column":33},"end":{"line":11,"column":9}}]},"3":{"type":"branch","line":11,"loc":{"start":{"line":11,"column":2},"end":{"line":13,"column":3}},"locations":[{"start":{"line":11,"column":2},"end":{"line":13,"column":3}}]},"4":{"type":"branch","line":12,"loc":{"start":{"line":12,"column":20},"end":{"line":12,"column":36}},"locations":[{"start":{"line":12,"column":20},"end":{"line":12,"column":36}}]},"5":{"type":"branch","line":12,"loc":{"start":{"line":12,"column":28},"end":{"line":12,"column":39}},"locations":[{"start":{"line":12,"column":28},"end":{"line":12,"column":39}}]},"6":{"type":"branch","line":16,"loc":{"start":{"line":16,"column":7},"end":{"line":18,"column":1}},"locations":[{"start":{"line":16,"column":7},"end":{"line":18,"column":1}}]},"7":{"type":"branch","line":20,"loc":{"start":{"line":20,"column":7},"end":{"line":22,"column":1}},"locations":[{"start":{"line":20,"column":7},"end":{"line":22,"column":1}}]},"8":{"type":"branch","line":24,"loc":{"start":{"line":24,"column":7},"end":{"line":26,"column":1}},"locations":[{"start":{"line":24,"column":7},"end":{"line":26,"column":1}}]},"9":{"type":"branch","line":28,"loc":{"start":{"line":28,"column":7},"end":{"line":30,"column":1}},"locations":[{"start":{"line":28,"column":7},"end":{"line":30,"column":1}}]}},"b":{"0":[17],"1":[104],"2":[2],"3":[102],"4":[91],"5":[11],"6":[1],"7":[1],"8":[1],"9":[10]},"fnMap":{"0":{"name":"clamp","decl":{"start":{"line":4,"column":7},"end":{"line":6,"column":1}},"loc":{"start":{"line":4,"column":7},"end":{"line":6,"column":1}},"line":4},"1":{"name":"unref","decl":{"start":{"line":8,"column":7},"end":{"line":14,"column":1}},"loc":{"start":{"line":8,"column":7},"end":{"line":14,"column":1}},"line":8},"2":{"name":"toAny","decl":{"start":{"line":16,"column":7},"end":{"line":18,"column":1}},"loc":{"start":{"line":16,"column":7},"end":{"line":18,"column":1}},"line":16},"3":{"name":"defaultPosition","decl":{"start":{"line":20,"column":7},"end":{"line":22,"column":1}},"loc":{"start":{"line":20,"column":7},"end":{"line":22,"column":1}},"line":20},"4":{"name":"defaultTransform","decl":{"start":{"line":24,"column":7},"end":{"line":26,"column":1}},"loc":{"start":{"line":24,"column":7},"end":{"line":26,"column":1}},"line":24},"5":{"name":"defaultRange","decl":{"start":{"line":28,"column":7},"end":{"line":30,"column":1}},"loc":{"start":{"line":28,"column":7},"end":{"line":30,"column":1}},"line":28}},"f":{"0":17,"1":104,"2":1,"3":1,"4":1,"5":10}}
}
